<?xml version="1.0" encoding="UTF-8"?>
<testsuite name="testSuite.CalendarTest" tests="1" skipped="0" failures="0" errors="0" timestamp="2023-10-30T02:20:45" hostname="Mauricios-MacBook-Pro.local" time="18.339">
  <properties/>
  <testcase name="verifyAddCalculator()" classname="testSuite.CalendarTest" time="18.339"/>
  <system-out><![CDATA[]]></system-out>
  <system-err><![CDATA[]]></system-err>
</testsuite>
