<?xml version="1.0" encoding="UTF-8"?>
<testsuite name="testSuite.FilesTest" tests="1" skipped="0" failures="0" errors="0" timestamp="2023-10-31T18:15:12" hostname="Mauricios-MacBook-Pro.local" time="16.908">
  <properties/>
  <testcase name="folderCreationAndDeletionTest()" classname="testSuite.FilesTest" time="16.908"/>
  <system-out><![CDATA[]]></system-out>
  <system-err><![CDATA[]]></system-err>
</testsuite>
